{"C:\\Users\\M\\OneDrive\\Desktop\\deploy\\Project-backend-NodeJS\\src\\app.ts": {"path":"C:\\Users\\M\\OneDrive\\Desktop\\deploy\\Project-backend-NodeJS\\src\\app.ts","statementMap":{"0":{"start":{"line":1,"column":0},"end":{"line":1,"column":30}},"1":{"start":{"line":2,"column":0},"end":{"line":2,"column":43}},"2":{"start":{"line":3,"column":0},"end":{"line":3,"column":57}},"3":{"start":{"line":4,"column":0},"end":{"line":4,"column":20}},"4":{"start":{"line":5,"column":0},"end":{"line":5,"column":24}},"5":{"start":{"line":6,"column":0},"end":{"line":6,"column":63}},"6":{"start":{"line":9,"column":24},"end":{"line":10,"column":null}},"7":{"start":{"line":16,"column":12},"end":{"line":16,"column":21}},"8":{"start":{"line":21,"column":0},"end":{"line":21,"column":24}},"9":{"start":{"line":26,"column":0},"end":{"line":26,"column":20}},"10":{"start":{"line":31,"column":0},"end":{"line":31,"column":72}},"11":{"start":{"line":37,"column":0},"end":{"line":37,"column":19}},"12":{"start":{"line":38,"column":0},"end":{"line":38,"column":22}}},"fnMap":{},"branchMap":{},"s":{"0":1,"1":1,"2":1,"3":1,"4":1,"5":1,"6":1,"7":1,"8":1,"9":1,"10":1,"11":1,"12":1},"f":{},"b":{}}
,"C:\\Users\\M\\OneDrive\\Desktop\\deploy\\Project-backend-NodeJS\\src\\controllers\\user.controller.ts": {"path":"C:\\Users\\M\\OneDrive\\Desktop\\deploy\\Project-backend-NodeJS\\src\\controllers\\user.controller.ts","statementMap":{"0":{"start":{"line":1,"column":0},"end":{"line":1,"column":null}},"1":{"start":{"line":12,"column":0},"end":{"line":12,"column":65}},"2":{"start":{"line":13,"column":0},"end":{"line":13,"column":30}},"3":{"start":{"line":14,"column":0},"end":{"line":14,"column":34}},"4":{"start":{"line":15,"column":0},"end":{"line":15,"column":32}},"5":{"start":{"line":16,"column":0},"end":{"line":16,"column":78}},"6":{"start":{"line":17,"column":0},"end":{"line":17,"column":76}},"7":{"start":{"line":20,"column":7},"end":{"line":241,"column":null}},"8":{"start":{"line":22,"column":4},"end":{"line":22,"column":12}},"9":{"start":{"line":27,"column":13},"end":{"line":78,"column":null}},"10":{"start":{"line":35,"column":4},"end":{"line":77,"column":5}},"11":{"start":{"line":36,"column":22},"end":{"line":44,"column":8}},"12":{"start":{"line":46,"column":26},"end":{"line":46,"column":28}},"13":{"start":{"line":47,"column":6},"end":{"line":49,"column":7}},"14":{"start":{"line":48,"column":8},"end":{"line":48,"column":39}},"15":{"start":{"line":50,"column":6},"end":{"line":58,"column":7}},"16":{"start":{"line":51,"column":8},"end":{"line":51,"column":24}},"17":{"start":{"line":52,"column":8},"end":{"line":54,"column":9}},"18":{"start":{"line":53,"column":10},"end":{"line":53,"column":43}},"19":{"start":{"line":55,"column":8},"end":{"line":57,"column":9}},"20":{"start":{"line":56,"column":10},"end":{"line":56,"column":43}},"21":{"start":{"line":60,"column":24},"end":{"line":60,"column":62}},"22":{"start":{"line":61,"column":25},"end":{"line":61,"column":61}},"23":{"start":{"line":62,"column":53},"end":{"line":64,"column":8}},"24":{"start":{"line":66,"column":20},"end":{"line":69,"column":29}},"25":{"start":{"line":71,"column":6},"end":{"line":71,"column":66}},"26":{"start":{"line":73,"column":6},"end":{"line":73,"column":48}},"27":{"start":{"line":74,"column":6},"end":{"line":76,"column":8}},"28":{"start":{"line":82,"column":4},"end":{"line":99,"column":5}},"29":{"start":{"line":83,"column":6},"end":{"line":85,"column":7}},"30":{"start":{"line":84,"column":8},"end":{"line":84,"column":60}},"31":{"start":{"line":86,"column":19},"end":{"line":86,"column":54}},"32":{"start":{"line":87,"column":6},"end":{"line":89,"column":7}},"33":{"start":{"line":88,"column":8},"end":{"line":88,"column":57}},"34":{"start":{"line":90,"column":6},"end":{"line":90,"column":18}},"35":{"start":{"line":92,"column":6},"end":{"line":92,"column":51}},"36":{"start":{"line":93,"column":6},"end":{"line":95,"column":7}},"37":{"start":{"line":94,"column":8},"end":{"line":94,"column":20}},"38":{"start":{"line":96,"column":6},"end":{"line":98,"column":8}},"39":{"start":{"line":115,"column":4},"end":{"line":150,"column":5}},"40":{"start":{"line":116,"column":6},"end":{"line":118,"column":7}},"41":{"start":{"line":117,"column":8},"end":{"line":117,"column":60}},"42":{"start":{"line":119,"column":19},"end":{"line":119,"column":47}},"43":{"start":{"line":120,"column":6},"end":{"line":122,"column":7}},"44":{"start":{"line":121,"column":8},"end":{"line":121,"column":57}},"45":{"start":{"line":124,"column":6},"end":{"line":124,"column":69}},"46":{"start":{"line":124,"column":32},"end":{"line":124,"column":69}},"47":{"start":{"line":125,"column":6},"end":{"line":125,"column":60}},"48":{"start":{"line":125,"column":29},"end":{"line":125,"column":60}},"49":{"start":{"line":126,"column":6},"end":{"line":129,"column":7}},"50":{"start":{"line":127,"column":31},"end":{"line":127,"column":74}},"51":{"start":{"line":128,"column":8},"end":{"line":128,"column":39}},"52":{"start":{"line":130,"column":6},"end":{"line":130,"column":63}},"53":{"start":{"line":130,"column":30},"end":{"line":130,"column":63}},"54":{"start":{"line":131,"column":6},"end":{"line":131,"column":68}},"55":{"start":{"line":131,"column":41},"end":{"line":131,"column":68}},"56":{"start":{"line":132,"column":6},"end":{"line":132,"column":63}},"57":{"start":{"line":132,"column":30},"end":{"line":132,"column":63}},"58":{"start":{"line":134,"column":26},"end":{"line":134,"column":43}},"59":{"start":{"line":135,"column":6},"end":{"line":139,"column":8}},"60":{"start":{"line":141,"column":6},"end":{"line":141,"column":51}},"61":{"start":{"line":142,"column":6},"end":{"line":144,"column":7}},"62":{"start":{"line":143,"column":8},"end":{"line":143,"column":20}},"63":{"start":{"line":145,"column":6},"end":{"line":149,"column":8}},"64":{"start":{"line":155,"column":4},"end":{"line":176,"column":5}},"65":{"start":{"line":156,"column":6},"end":{"line":158,"column":7}},"66":{"start":{"line":157,"column":8},"end":{"line":157,"column":60}},"67":{"start":{"line":159,"column":19},"end":{"line":159,"column":47}},"68":{"start":{"line":160,"column":6},"end":{"line":162,"column":7}},"69":{"start":{"line":161,"column":8},"end":{"line":161,"column":57}},"70":{"start":{"line":164,"column":6},"end":{"line":164,"column":44}},"71":{"start":{"line":165,"column":6},"end":{"line":165,"column":72}},"72":{"start":{"line":167,"column":6},"end":{"line":167,"column":51}},"73":{"start":{"line":168,"column":6},"end":{"line":170,"column":7}},"74":{"start":{"line":169,"column":8},"end":{"line":169,"column":20}},"75":{"start":{"line":171,"column":6},"end":{"line":175,"column":8}},"76":{"start":{"line":191,"column":4},"end":{"line":239,"column":5}},"77":{"start":{"line":192,"column":6},"end":{"line":204,"column":7}},"78":{"start":{"line":201,"column":8},"end":{"line":203,"column":10}},"79":{"start":{"line":206,"column":29},"end":{"line":206,"column":72}},"80":{"start":{"line":208,"column":22},"end":{"line":215,"column":8}},"81":{"start":{"line":217,"column":24},"end":{"line":217,"column":44}},"82":{"start":{"line":218,"column":6},"end":{"line":218,"column":42}},"83":{"start":{"line":219,"column":6},"end":{"line":223,"column":8}},"84":{"start":{"line":225,"column":6},"end":{"line":225,"column":51}},"85":{"start":{"line":226,"column":6},"end":{"line":230,"column":7}},"86":{"start":{"line":227,"column":8},"end":{"line":229,"column":10}},"87":{"start":{"line":231,"column":6},"end":{"line":233,"column":7}},"88":{"start":{"line":232,"column":8},"end":{"line":232,"column":20}},"89":{"start":{"line":234,"column":6},"end":{"line":238,"column":8}},"90":{"start":{"line":20,"column":13},"end":{"line":20,"column":28}},"91":{"start":{"line":26,"column":8},"end":{"line":78,"column":null}},"92":{"start":{"line":81,"column":15},"end":{"line":100,"column":null}},"93":{"start":{"line":103,"column":15},"end":{"line":151,"column":null}},"94":{"start":{"line":154,"column":15},"end":{"line":177,"column":null}},"95":{"start":{"line":180,"column":15},"end":{"line":240,"column":null}},"96":{"start":{"line":20,"column":13},"end":{"line":241,"column":null}}},"fnMap":{"0":{"name":"(anonymous_12)","decl":{"start":{"line":21,"column":2},"end":{"line":21,"column":null}},"loc":{"start":{"line":21,"column":2},"end":{"line":23,"column":3}}},"1":{"name":"(anonymous_13)","decl":{"start":{"line":26,"column":8},"end":{"line":26,"column":18}},"loc":{"start":{"line":26,"column":18},"end":{"line":78,"column":null}}},"2":{"name":"(anonymous_14)","decl":{"start":{"line":27,"column":13},"end":{"line":27,"column":28}},"loc":{"start":{"line":33,"column":28},"end":{"line":78,"column":3}}},"3":{"name":"(anonymous_15)","decl":{"start":{"line":81,"column":15},"end":{"line":81,"column":22}},"loc":{"start":{"line":81,"column":41},"end":{"line":100,"column":null}}},"4":{"name":"(anonymous_17)","decl":{"start":{"line":103,"column":15},"end":{"line":103,"column":25}},"loc":{"start":{"line":113,"column":5},"end":{"line":151,"column":null}}},"5":{"name":"(anonymous_19)","decl":{"start":{"line":154,"column":15},"end":{"line":154,"column":25}},"loc":{"start":{"line":154,"column":44},"end":{"line":177,"column":null}}},"6":{"name":"(anonymous_21)","decl":{"start":{"line":180,"column":15},"end":{"line":180,"column":25}},"loc":{"start":{"line":189,"column":5},"end":{"line":240,"column":null}}}},"branchMap":{"0":{"loc":{"start":{"line":27,"column":13},"end":{"line":27,"column":31}},"type":"default-arg","locations":[{"start":{"line":27,"column":28},"end":{"line":27,"column":31}}]},"1":{"loc":{"start":{"line":28,"column":13},"end":{"line":28,"column":33}},"type":"default-arg","locations":[{"start":{"line":28,"column":29},"end":{"line":28,"column":33}}]},"2":{"loc":{"start":{"line":37,"column":23},"end":{"line":37,"column":34}},"type":"binary-expr","locations":[{"start":{"line":37,"column":23},"end":{"line":37,"column":27}},{"start":{"line":37,"column":31},"end":{"line":37,"column":34}}]},"3":{"loc":{"start":{"line":38,"column":24},"end":{"line":38,"column":37}},"type":"binary-expr","locations":[{"start":{"line":38,"column":24},"end":{"line":38,"column":29}},{"start":{"line":38,"column":33},"end":{"line":38,"column":37}}]},"4":{"loc":{"start":{"line":39,"column":16},"end":{"line":39,"column":36}},"type":"binary-expr","locations":[{"start":{"line":39,"column":16},"end":{"line":39,"column":22}},{"start":{"line":39,"column":26},"end":{"line":39,"column":36}}]},"5":{"loc":{"start":{"line":40,"column":19},"end":{"line":40,"column":48}},"type":"cond-expr","locations":[{"start":{"line":40,"column":42},"end":{"line":40,"column":44}},{"start":{"line":40,"column":47},"end":{"line":40,"column":48}}]},"6":{"loc":{"start":{"line":42,"column":25},"end":{"line":42,"column":38}},"type":"binary-expr","locations":[{"start":{"line":42,"column":25},"end":{"line":42,"column":31}},{"start":{"line":42,"column":35},"end":{"line":42,"column":38}}]},"7":{"loc":{"start":{"line":43,"column":25},"end":{"line":43,"column":40}},"type":"binary-expr","locations":[{"start":{"line":43,"column":25},"end":{"line":43,"column":31}},{"start":{"line":43,"column":35},"end":{"line":43,"column":40}}]},"8":{"loc":{"start":{"line":47,"column":6},"end":{"line":49,"column":7}},"type":"if","locations":[{"start":{"line":47,"column":6},"end":{"line":49,"column":7}}]},"9":{"loc":{"start":{"line":50,"column":6},"end":{"line":58,"column":7}},"type":"if","locations":[{"start":{"line":50,"column":6},"end":{"line":58,"column":7}}]},"10":{"loc":{"start":{"line":50,"column":10},"end":{"line":50,"column":70}},"type":"binary-expr","locations":[{"start":{"line":50,"column":10},"end":{"line":50,"column":38}},{"start":{"line":50,"column":42},"end":{"line":50,"column":70}}]},"11":{"loc":{"start":{"line":52,"column":8},"end":{"line":54,"column":9}},"type":"if","locations":[{"start":{"line":52,"column":8},"end":{"line":54,"column":9}}]},"12":{"loc":{"start":{"line":55,"column":8},"end":{"line":57,"column":9}},"type":"if","locations":[{"start":{"line":55,"column":8},"end":{"line":57,"column":9}}]},"13":{"loc":{"start":{"line":83,"column":6},"end":{"line":85,"column":7}},"type":"if","locations":[{"start":{"line":83,"column":6},"end":{"line":85,"column":7}}]},"14":{"loc":{"start":{"line":83,"column":10},"end":{"line":83,"column":53}},"type":"binary-expr","locations":[{"start":{"line":83,"column":10},"end":{"line":83,"column":13}},{"start":{"line":83,"column":17},"end":{"line":83,"column":53}}]},"15":{"loc":{"start":{"line":87,"column":6},"end":{"line":89,"column":7}},"type":"if","locations":[{"start":{"line":87,"column":6},"end":{"line":89,"column":7}}]},"16":{"loc":{"start":{"line":93,"column":6},"end":{"line":95,"column":7}},"type":"if","locations":[{"start":{"line":93,"column":6},"end":{"line":95,"column":7}}]},"17":{"loc":{"start":{"line":93,"column":10},"end":{"line":93,"column":76}},"type":"binary-expr","locations":[{"start":{"line":93,"column":10},"end":{"line":93,"column":40}},{"start":{"line":93,"column":44},"end":{"line":93,"column":76}}]},"18":{"loc":{"start":{"line":116,"column":6},"end":{"line":118,"column":7}},"type":"if","locations":[{"start":{"line":116,"column":6},"end":{"line":118,"column":7}}]},"19":{"loc":{"start":{"line":116,"column":10},"end":{"line":116,"column":53}},"type":"binary-expr","locations":[{"start":{"line":116,"column":10},"end":{"line":116,"column":13}},{"start":{"line":116,"column":17},"end":{"line":116,"column":53}}]},"20":{"loc":{"start":{"line":120,"column":6},"end":{"line":122,"column":7}},"type":"if","locations":[{"start":{"line":120,"column":6},"end":{"line":122,"column":7}}]},"21":{"loc":{"start":{"line":124,"column":6},"end":{"line":124,"column":69}},"type":"if","locations":[{"start":{"line":124,"column":6},"end":{"line":124,"column":69}}]},"22":{"loc":{"start":{"line":125,"column":6},"end":{"line":125,"column":60}},"type":"if","locations":[{"start":{"line":125,"column":6},"end":{"line":125,"column":60}}]},"23":{"loc":{"start":{"line":126,"column":6},"end":{"line":129,"column":7}},"type":"if","locations":[{"start":{"line":126,"column":6},"end":{"line":129,"column":7}}]},"24":{"loc":{"start":{"line":130,"column":6},"end":{"line":130,"column":63}},"type":"if","locations":[{"start":{"line":130,"column":6},"end":{"line":130,"column":63}}]},"25":{"loc":{"start":{"line":131,"column":6},"end":{"line":131,"column":68}},"type":"if","locations":[{"start":{"line":131,"column":6},"end":{"line":131,"column":68}}]},"26":{"loc":{"start":{"line":132,"column":6},"end":{"line":132,"column":63}},"type":"if","locations":[{"start":{"line":132,"column":6},"end":{"line":132,"column":63}}]},"27":{"loc":{"start":{"line":142,"column":6},"end":{"line":144,"column":7}},"type":"if","locations":[{"start":{"line":142,"column":6},"end":{"line":144,"column":7}}]},"28":{"loc":{"start":{"line":142,"column":10},"end":{"line":142,"column":76}},"type":"binary-expr","locations":[{"start":{"line":142,"column":10},"end":{"line":142,"column":40}},{"start":{"line":142,"column":44},"end":{"line":142,"column":76}}]},"29":{"loc":{"start":{"line":156,"column":6},"end":{"line":158,"column":7}},"type":"if","locations":[{"start":{"line":156,"column":6},"end":{"line":158,"column":7}}]},"30":{"loc":{"start":{"line":156,"column":10},"end":{"line":156,"column":53}},"type":"binary-expr","locations":[{"start":{"line":156,"column":10},"end":{"line":156,"column":13}},{"start":{"line":156,"column":17},"end":{"line":156,"column":53}}]},"31":{"loc":{"start":{"line":160,"column":6},"end":{"line":162,"column":7}},"type":"if","locations":[{"start":{"line":160,"column":6},"end":{"line":162,"column":7}}]},"32":{"loc":{"start":{"line":168,"column":6},"end":{"line":170,"column":7}},"type":"if","locations":[{"start":{"line":168,"column":6},"end":{"line":170,"column":7}}]},"33":{"loc":{"start":{"line":192,"column":6},"end":{"line":204,"column":7}},"type":"if","locations":[{"start":{"line":192,"column":6},"end":{"line":204,"column":7}}]},"34":{"loc":{"start":{"line":226,"column":6},"end":{"line":230,"column":7}},"type":"if","locations":[{"start":{"line":226,"column":6},"end":{"line":230,"column":7}}]},"35":{"loc":{"start":{"line":231,"column":6},"end":{"line":233,"column":7}},"type":"if","locations":[{"start":{"line":231,"column":6},"end":{"line":233,"column":7}}]}},"s":{"0":1,"1":1,"2":1,"3":1,"4":1,"5":1,"6":1,"7":1,"8":5,"9":1,"10":1,"11":1,"12":1,"13":1,"14":0,"15":1,"16":1,"17":1,"18":1,"19":1,"20":1,"21":1,"22":1,"23":1,"24":1,"25":1,"26":0,"27":0,"28":1,"29":1,"30":0,"31":1,"32":1,"33":0,"34":1,"35":0,"36":0,"37":0,"38":0,"39":1,"40":1,"41":0,"42":1,"43":1,"44":0,"45":1,"46":1,"47":1,"48":0,"49":1,"50":0,"51":0,"52":1,"53":0,"54":1,"55":0,"56":1,"57":0,"58":1,"59":1,"60":0,"61":0,"62":0,"63":0,"64":1,"65":1,"66":0,"67":1,"68":1,"69":0,"70":1,"71":1,"72":0,"73":0,"74":0,"75":0,"76":1,"77":1,"78":0,"79":1,"80":1,"81":1,"82":1,"83":1,"84":0,"85":0,"86":0,"87":0,"88":0,"89":0,"90":1,"91":1,"92":1,"93":1,"94":1,"95":1,"96":1},"f":{"0":5,"1":1,"2":1,"3":1,"4":1,"5":1,"6":1},"b":{"0":[0],"1":[0],"2":[1,0],"3":[1,0],"4":[1,1],"5":[0,1],"6":[1,1],"7":[1,1],"8":[0],"9":[1],"10":[1,0],"11":[1],"12":[1],"13":[0],"14":[1,1],"15":[0],"16":[0],"17":[0,0],"18":[0],"19":[1,1],"20":[0],"21":[1],"22":[0],"23":[0],"24":[0],"25":[0],"26":[0],"27":[0],"28":[0,0],"29":[0],"30":[1,1],"31":[0],"32":[0],"33":[0],"34":[0],"35":[0]}}
,"C:\\Users\\M\\OneDrive\\Desktop\\deploy\\Project-backend-NodeJS\\src\\database\\models\\user.models.ts": {"path":"C:\\Users\\M\\OneDrive\\Desktop\\deploy\\Project-backend-NodeJS\\src\\database\\models\\user.models.ts","statementMap":{"0":{"start":{"line":1,"column":0},"end":{"line":1,"column":51}},"1":{"start":{"line":2,"column":0},"end":{"line":2,"column":34}},"2":{"start":{"line":16,"column":27},"end":{"line":40,"column":2}},"3":{"start":{"line":23,"column":36},"end":{"line":23,"column":60}},"4":{"start":{"line":25,"column":8},"end":{"line":25,"column":46}},"5":{"start":{"line":32,"column":36},"end":{"line":32,"column":69}},"6":{"start":{"line":33,"column":46},"end":{"line":33,"column":78}},"7":{"start":{"line":42,"column":13},"end":{"line":42,"column":65}}},"fnMap":{"0":{"name":"(anonymous_1)","decl":{"start":{"line":23,"column":17},"end":{"line":23,"column":18}},"loc":{"start":{"line":23,"column":36},"end":{"line":23,"column":60}}},"1":{"name":"(anonymous_2)","decl":{"start":{"line":24,"column":15},"end":{"line":24,"column":16}},"loc":{"start":{"line":25,"column":8},"end":{"line":25,"column":46}}},"2":{"name":"(anonymous_3)","decl":{"start":{"line":32,"column":17},"end":{"line":32,"column":18}},"loc":{"start":{"line":32,"column":36},"end":{"line":32,"column":69}}},"3":{"name":"(anonymous_4)","decl":{"start":{"line":33,"column":15},"end":{"line":33,"column":16}},"loc":{"start":{"line":33,"column":46},"end":{"line":33,"column":78}}}},"branchMap":{},"s":{"0":3,"1":3,"2":3,"3":6,"4":0,"5":6,"6":0,"7":3},"f":{"0":6,"1":0,"2":6,"3":0},"b":{}}
,"C:\\Users\\M\\OneDrive\\Desktop\\deploy\\Project-backend-NodeJS\\src\\middlewares\\errorHandler.ts": {"path":"C:\\Users\\M\\OneDrive\\Desktop\\deploy\\Project-backend-NodeJS\\src\\middlewares\\errorHandler.ts","statementMap":{"0":{"start":{"line":5,"column":0},"end":{"line":5,"column":16}},"1":{"start":{"line":2,"column":0},"end":{"line":2,"column":76}},"2":{"start":{"line":3,"column":0},"end":{"line":3,"column":78}},"3":{"start":{"line":6,"column":2},"end":{"line":6,"column":21}},"4":{"start":{"line":8,"column":2},"end":{"line":13,"column":3}},"5":{"start":{"line":9,"column":4},"end":{"line":12,"column":7}},"6":{"start":{"line":15,"column":2},"end":{"line":20,"column":3}},"7":{"start":{"line":16,"column":4},"end":{"line":19,"column":7}},"8":{"start":{"line":23,"column":2},"end":{"line":26,"column":5}}},"fnMap":{"0":{"name":"errorHandler","decl":{"start":{"line":5,"column":16},"end":{"line":5,"column":28}},"loc":{"start":{"line":5,"column":88},"end":{"line":27,"column":1}}}},"branchMap":{"0":{"loc":{"start":{"line":8,"column":2},"end":{"line":13,"column":3}},"type":"if","locations":[{"start":{"line":8,"column":2},"end":{"line":13,"column":3}}]},"1":{"loc":{"start":{"line":11,"column":15},"end":{"line":11,"column":55}},"type":"binary-expr","locations":[{"start":{"line":11,"column":15},"end":{"line":11,"column":26}},{"start":{"line":11,"column":30},"end":{"line":11,"column":55}}]},"2":{"loc":{"start":{"line":15,"column":2},"end":{"line":20,"column":3}},"type":"if","locations":[{"start":{"line":15,"column":2},"end":{"line":20,"column":3}}]},"3":{"loc":{"start":{"line":18,"column":15},"end":{"line":18,"column":53}},"type":"binary-expr","locations":[{"start":{"line":18,"column":15},"end":{"line":18,"column":26}},{"start":{"line":18,"column":30},"end":{"line":18,"column":53}}]},"4":{"loc":{"start":{"line":25,"column":13},"end":{"line":25,"column":63}},"type":"binary-expr","locations":[{"start":{"line":25,"column":13},"end":{"line":25,"column":24}},{"start":{"line":25,"column":28},"end":{"line":25,"column":63}}]}},"s":{"0":1,"1":1,"2":1,"3":0,"4":0,"5":0,"6":0,"7":0,"8":0},"f":{"0":0},"b":{"0":[0],"1":[0,0],"2":[0],"3":[0,0],"4":[0,0]}}
,"C:\\Users\\M\\OneDrive\\Desktop\\deploy\\Project-backend-NodeJS\\src\\routes\\v1\\routes.ts": {"path":"C:\\Users\\M\\OneDrive\\Desktop\\deploy\\Project-backend-NodeJS\\src\\routes\\v1\\routes.ts","statementMap":{"0":{"start":{"line":36,"column":0},"end":{"line":36,"column":16}},"1":{"start":{"line":4,"column":0},"end":{"line":4,"column":84}},"2":{"start":{"line":6,"column":0},"end":{"line":6,"column":70}},"3":{"start":{"line":13,"column":33},"end":{"line":28,"column":2}},"4":{"start":{"line":29,"column":24},"end":{"line":29,"column":132}},"5":{"start":{"line":45,"column":8},"end":{"line":79,"column":11}},"6":{"start":{"line":50,"column":68},"end":{"line":58,"column":14}},"7":{"start":{"line":62,"column":39},"end":{"line":62,"column":41}},"8":{"start":{"line":63,"column":12},"end":{"line":78,"column":13}},"9":{"start":{"line":64,"column":16},"end":{"line":64,"column":94}},"10":{"start":{"line":66,"column":35},"end":{"line":66,"column":56}},"11":{"start":{"line":68,"column":14},"end":{"line":75,"column":17}},"12":{"start":{"line":77,"column":16},"end":{"line":77,"column":33}},"13":{"start":{"line":81,"column":8},"end":{"line":109,"column":11}},"14":{"start":{"line":86,"column":68},"end":{"line":88,"column":14}},"15":{"start":{"line":92,"column":39},"end":{"line":92,"column":41}},"16":{"start":{"line":93,"column":12},"end":{"line":108,"column":13}},"17":{"start":{"line":94,"column":16},"end":{"line":94,"column":94}},"18":{"start":{"line":96,"column":35},"end":{"line":96,"column":56}},"19":{"start":{"line":98,"column":14},"end":{"line":105,"column":17}},"20":{"start":{"line":107,"column":16},"end":{"line":107,"column":33}},"21":{"start":{"line":111,"column":8},"end":{"line":140,"column":11}},"22":{"start":{"line":116,"column":68},"end":{"line":119,"column":14}},"23":{"start":{"line":123,"column":39},"end":{"line":123,"column":41}},"24":{"start":{"line":124,"column":12},"end":{"line":139,"column":13}},"25":{"start":{"line":125,"column":16},"end":{"line":125,"column":94}},"26":{"start":{"line":127,"column":35},"end":{"line":127,"column":56}},"27":{"start":{"line":129,"column":14},"end":{"line":136,"column":17}},"28":{"start":{"line":138,"column":16},"end":{"line":138,"column":33}},"29":{"start":{"line":142,"column":8},"end":{"line":170,"column":11}},"30":{"start":{"line":147,"column":68},"end":{"line":149,"column":14}},"31":{"start":{"line":153,"column":39},"end":{"line":153,"column":41}},"32":{"start":{"line":154,"column":12},"end":{"line":169,"column":13}},"33":{"start":{"line":155,"column":16},"end":{"line":155,"column":94}},"34":{"start":{"line":157,"column":35},"end":{"line":157,"column":56}},"35":{"start":{"line":159,"column":14},"end":{"line":166,"column":17}},"36":{"start":{"line":168,"column":16},"end":{"line":168,"column":33}},"37":{"start":{"line":172,"column":8},"end":{"line":200,"column":11}},"38":{"start":{"line":177,"column":68},"end":{"line":179,"column":14}},"39":{"start":{"line":183,"column":39},"end":{"line":183,"column":41}},"40":{"start":{"line":184,"column":12},"end":{"line":199,"column":13}},"41":{"start":{"line":185,"column":16},"end":{"line":185,"column":94}},"42":{"start":{"line":187,"column":35},"end":{"line":187,"column":56}},"43":{"start":{"line":189,"column":14},"end":{"line":196,"column":17}},"44":{"start":{"line":198,"column":16},"end":{"line":198,"column":33}}},"fnMap":{"0":{"name":"RegisterRoutes","decl":{"start":{"line":36,"column":16},"end":{"line":36,"column":30}},"loc":{"start":{"line":36,"column":42},"end":{"line":207,"column":1}}},"1":{"name":"UsersController_getAllUser","decl":{"start":{"line":49,"column":27},"end":{"line":49,"column":53}},"loc":{"start":{"line":49,"column":105},"end":{"line":79,"column":10}}},"2":{"name":"UsersController_getUser","decl":{"start":{"line":85,"column":27},"end":{"line":85,"column":50}},"loc":{"start":{"line":85,"column":102},"end":{"line":109,"column":10}}},"3":{"name":"UsersController_updateUser","decl":{"start":{"line":115,"column":27},"end":{"line":115,"column":53}},"loc":{"start":{"line":115,"column":105},"end":{"line":140,"column":10}}},"4":{"name":"UsersController_deleteUser","decl":{"start":{"line":146,"column":27},"end":{"line":146,"column":53}},"loc":{"start":{"line":146,"column":105},"end":{"line":170,"column":10}}},"5":{"name":"UsersController_createUser","decl":{"start":{"line":176,"column":27},"end":{"line":176,"column":53}},"loc":{"start":{"line":176,"column":105},"end":{"line":200,"column":10}}}},"branchMap":{},"s":{"0":1,"1":1,"2":1,"3":1,"4":1,"5":1,"6":1,"7":1,"8":1,"9":1,"10":1,"11":1,"12":0,"13":1,"14":1,"15":1,"16":1,"17":1,"18":1,"19":1,"20":0,"21":1,"22":1,"23":1,"24":1,"25":1,"26":1,"27":1,"28":0,"29":1,"30":1,"31":1,"32":1,"33":1,"34":1,"35":1,"36":0,"37":1,"38":1,"39":1,"40":1,"41":1,"42":1,"43":1,"44":0},"f":{"0":1,"1":1,"2":1,"3":1,"4":1,"5":1},"b":{}}
,"C:\\Users\\M\\OneDrive\\Desktop\\deploy\\Project-backend-NodeJS\\src\\services\\userService.ts": {"path":"C:\\Users\\M\\OneDrive\\Desktop\\deploy\\Project-backend-NodeJS\\src\\services\\userService.ts","statementMap":{"0":{"start":{"line":13,"column":0},"end":{"line":13,"column":22}},"1":{"start":{"line":19,"column":0},"end":{"line":19,"column":22}},"2":{"start":{"line":30,"column":0},"end":{"line":30,"column":22}},"3":{"start":{"line":41,"column":0},"end":{"line":41,"column":22}},"4":{"start":{"line":1,"column":0},"end":{"line":1,"column":73}},"5":{"start":{"line":2,"column":0},"end":{"line":2,"column":45}},"6":{"start":{"line":3,"column":0},"end":{"line":3,"column":78}},"7":{"start":{"line":14,"column":25},"end":{"line":14,"column":62}},"8":{"start":{"line":15,"column":15},"end":{"line":15,"column":71}},"9":{"start":{"line":16,"column":2},"end":{"line":16,"column":21}},"10":{"start":{"line":20,"column":2},"end":{"line":22,"column":3}},"11":{"start":{"line":21,"column":4},"end":{"line":21,"column":56}},"12":{"start":{"line":23,"column":15},"end":{"line":23,"column":47}},"13":{"start":{"line":24,"column":2},"end":{"line":26,"column":3}},"14":{"start":{"line":25,"column":4},"end":{"line":25,"column":46}},"15":{"start":{"line":27,"column":2},"end":{"line":27,"column":14}},"16":{"start":{"line":31,"column":2},"end":{"line":33,"column":3}},"17":{"start":{"line":32,"column":4},"end":{"line":32,"column":56}},"18":{"start":{"line":34,"column":15},"end":{"line":34,"column":83}},"19":{"start":{"line":35,"column":2},"end":{"line":37,"column":3}},"20":{"start":{"line":36,"column":4},"end":{"line":36,"column":46}},"21":{"start":{"line":38,"column":2},"end":{"line":38,"column":14}},"22":{"start":{"line":42,"column":2},"end":{"line":44,"column":3}},"23":{"start":{"line":43,"column":4},"end":{"line":43,"column":56}},"24":{"start":{"line":45,"column":15},"end":{"line":45,"column":56}},"25":{"start":{"line":46,"column":2},"end":{"line":48,"column":3}},"26":{"start":{"line":47,"column":4},"end":{"line":47,"column":46}},"27":{"start":{"line":49,"column":2},"end":{"line":49,"column":44}}},"fnMap":{"0":{"name":"createUser","decl":{"start":{"line":13,"column":22},"end":{"line":13,"column":32}},"loc":{"start":{"line":13,"column":51},"end":{"line":17,"column":null}}},"1":{"name":"getUserById","decl":{"start":{"line":19,"column":22},"end":{"line":19,"column":33}},"loc":{"start":{"line":19,"column":48},"end":{"line":28,"column":null}}},"2":{"name":"updateUser","decl":{"start":{"line":30,"column":22},"end":{"line":30,"column":32}},"loc":{"start":{"line":30,"column":78},"end":{"line":39,"column":null}}},"3":{"name":"deleteUser","decl":{"start":{"line":41,"column":22},"end":{"line":41,"column":32}},"loc":{"start":{"line":41,"column":47},"end":{"line":50,"column":null}}}},"branchMap":{"0":{"loc":{"start":{"line":20,"column":2},"end":{"line":22,"column":3}},"type":"if","locations":[{"start":{"line":20,"column":2},"end":{"line":22,"column":3}}]},"1":{"loc":{"start":{"line":24,"column":2},"end":{"line":26,"column":3}},"type":"if","locations":[{"start":{"line":24,"column":2},"end":{"line":26,"column":3}}]},"2":{"loc":{"start":{"line":31,"column":2},"end":{"line":33,"column":3}},"type":"if","locations":[{"start":{"line":31,"column":2},"end":{"line":33,"column":3}}]},"3":{"loc":{"start":{"line":35,"column":2},"end":{"line":37,"column":3}},"type":"if","locations":[{"start":{"line":35,"column":2},"end":{"line":37,"column":3}}]},"4":{"loc":{"start":{"line":42,"column":2},"end":{"line":44,"column":3}},"type":"if","locations":[{"start":{"line":42,"column":2},"end":{"line":44,"column":3}}]},"5":{"loc":{"start":{"line":46,"column":2},"end":{"line":48,"column":3}},"type":"if","locations":[{"start":{"line":46,"column":2},"end":{"line":48,"column":3}}]}},"s":{"0":2,"1":2,"2":2,"3":2,"4":2,"5":2,"6":2,"7":5,"8":5,"9":5,"10":4,"11":2,"12":2,"13":2,"14":0,"15":2,"16":2,"17":0,"18":2,"19":2,"20":0,"21":2,"22":4,"23":0,"24":4,"25":4,"26":2,"27":2},"f":{"0":5,"1":4,"2":2,"3":4},"b":{"0":[2],"1":[0],"2":[0],"3":[0],"4":[0],"5":[2]}}
,"C:\\Users\\M\\OneDrive\\Desktop\\deploy\\Project-backend-NodeJS\\src\\utils\\hash.ts": {"path":"C:\\Users\\M\\OneDrive\\Desktop\\deploy\\Project-backend-NodeJS\\src\\utils\\hash.ts","statementMap":{"0":{"start":{"line":3,"column":0},"end":{"line":3,"column":16}},"1":{"start":{"line":1,"column":0},"end":{"line":1,"column":30}},"2":{"start":{"line":4,"column":2},"end":{"line":4,"column":39}}},"fnMap":{"0":{"name":"hashPassword","decl":{"start":{"line":3,"column":16},"end":{"line":3,"column":28}},"loc":{"start":{"line":3,"column":45},"end":{"line":5,"column":1}}}},"branchMap":{},"s":{"0":3,"1":3,"2":6},"f":{"0":6},"b":{}}
,"C:\\Users\\M\\OneDrive\\Desktop\\deploy\\Project-backend-NodeJS\\src\\utils\\constands\\statusCodes.ts": {"path":"C:\\Users\\M\\OneDrive\\Desktop\\deploy\\Project-backend-NodeJS\\src\\utils\\constands\\statusCodes.ts","statementMap":{"0":{"start":{"line":3,"column":13},"end":{"line":70,"column":4}},"1":{"start":{"line":72,"column":15},"end":{"line":139,"column":4}}},"fnMap":{},"branchMap":{},"s":{"0":1,"1":1},"f":{},"b":{}}
,"C:\\Users\\M\\OneDrive\\Desktop\\deploy\\Project-backend-NodeJS\\src\\utils\\errors\\customErrors.ts": {"path":"C:\\Users\\M\\OneDrive\\Desktop\\deploy\\Project-backend-NodeJS\\src\\utils\\errors\\customErrors.ts","statementMap":{"0":{"start":{"line":3,"column":4},"end":{"line":3,"column":19}},"1":{"start":{"line":4,"column":4},"end":{"line":4,"column":32}},"2":{"start":{"line":1,"column":0},"end":{"line":1,"column":13}},"3":{"start":{"line":10,"column":4},"end":{"line":10,"column":19}},"4":{"start":{"line":11,"column":4},"end":{"line":11,"column":34}},"5":{"start":{"line":8,"column":0},"end":{"line":8,"column":13}}},"fnMap":{"0":{"name":"(anonymous_0)","decl":{"start":{"line":2,"column":2},"end":{"line":2,"column":14}},"loc":{"start":{"line":2,"column":29},"end":{"line":5,"column":3}}},"1":{"name":"(anonymous_1)","decl":{"start":{"line":9,"column":2},"end":{"line":9,"column":14}},"loc":{"start":{"line":9,"column":29},"end":{"line":12,"column":3}}}},"branchMap":{},"s":{"0":2,"1":2,"2":3,"3":2,"4":2,"5":3},"f":{"0":2,"1":2},"b":{}}
}
