TN:
SF:src\app.ts
FNF:0
FNH:0
DA:1,1
DA:2,1
DA:3,1
DA:4,1
DA:5,1
DA:6,1
DA:9,1
DA:16,1
DA:21,1
DA:26,1
DA:31,1
DA:37,1
DA:38,1
LF:13
LH:13
BRF:0
BRH:0
end_of_record
TN:
SF:src\controllers\user.controller.ts
FN:21,(anonymous_12)
FN:26,(anonymous_13)
FN:27,(anonymous_14)
FN:81,(anonymous_15)
FN:103,(anonymous_17)
FN:154,(anonymous_19)
FN:180,(anonymous_21)
FNF:7
FNH:7
FNDA:5,(anonymous_12)
FNDA:1,(anonymous_13)
FNDA:1,(anonymous_14)
FNDA:1,(anonymous_15)
FNDA:1,(anonymous_17)
FNDA:1,(anonymous_19)
FNDA:1,(anonymous_21)
DA:1,1
DA:12,1
DA:13,1
DA:14,1
DA:15,1
DA:16,1
DA:17,1
DA:20,1
DA:22,5
DA:26,1
DA:27,1
DA:35,1
DA:36,1
DA:46,1
DA:47,1
DA:48,0
DA:50,1
DA:51,1
DA:52,1
DA:53,1
DA:55,1
DA:56,1
DA:60,1
DA:61,1
DA:62,1
DA:66,1
DA:71,1
DA:73,0
DA:74,0
DA:81,1
DA:82,1
DA:83,1
DA:84,0
DA:86,1
DA:87,1
DA:88,0
DA:90,1
DA:92,0
DA:93,0
DA:94,0
DA:96,0
DA:103,1
DA:115,1
DA:116,1
DA:117,0
DA:119,1
DA:120,1
DA:121,0
DA:124,1
DA:125,1
DA:126,1
DA:127,0
DA:128,0
DA:130,1
DA:131,1
DA:132,1
DA:134,1
DA:135,1
DA:141,0
DA:142,0
DA:143,0
DA:145,0
DA:154,1
DA:155,1
DA:156,1
DA:157,0
DA:159,1
DA:160,1
DA:161,0
DA:164,1
DA:165,1
DA:167,0
DA:168,0
DA:169,0
DA:171,0
DA:180,1
DA:191,1
DA:192,1
DA:201,0
DA:206,1
DA:208,1
DA:217,1
DA:218,1
DA:219,1
DA:225,0
DA:226,0
DA:227,0
DA:231,0
DA:232,0
DA:234,0
LF:90
LH:60
BRDA:27,0,0,0
BRDA:28,1,0,0
BRDA:37,2,0,1
BRDA:37,2,1,0
BRDA:38,3,0,1
BRDA:38,3,1,0
BRDA:39,4,0,1
BRDA:39,4,1,1
BRDA:40,5,0,0
BRDA:40,5,1,1
BRDA:42,6,0,1
BRDA:42,6,1,1
BRDA:43,7,0,1
BRDA:43,7,1,1
BRDA:47,8,0,0
BRDA:50,9,0,1
BRDA:50,10,0,1
BRDA:50,10,1,0
BRDA:52,11,0,1
BRDA:55,12,0,1
BRDA:83,13,0,0
BRDA:83,14,0,1
BRDA:83,14,1,1
BRDA:87,15,0,0
BRDA:93,16,0,0
BRDA:93,17,0,0
BRDA:93,17,1,0
BRDA:116,18,0,0
BRDA:116,19,0,1
BRDA:116,19,1,1
BRDA:120,20,0,0
BRDA:124,21,0,1
BRDA:125,22,0,0
BRDA:126,23,0,0
BRDA:130,24,0,0
BRDA:131,25,0,0
BRDA:132,26,0,0
BRDA:142,27,0,0
BRDA:142,28,0,0
BRDA:142,28,1,0
BRDA:156,29,0,0
BRDA:156,30,0,1
BRDA:156,30,1,1
BRDA:160,31,0,0
BRDA:168,32,0,0
BRDA:192,33,0,0
BRDA:226,34,0,0
BRDA:231,35,0,0
BRF:48
BRH:20
end_of_record
TN:
SF:src\database\models\user.models.ts
FN:23,(anonymous_1)
FN:24,(anonymous_2)
FN:32,(anonymous_3)
FN:33,(anonymous_4)
FNF:4
FNH:2
FNDA:6,(anonymous_1)
FNDA:0,(anonymous_2)
FNDA:6,(anonymous_3)
FNDA:0,(anonymous_4)
DA:1,3
DA:2,3
DA:16,3
DA:23,6
DA:25,0
DA:32,6
DA:33,0
DA:42,3
LF:8
LH:6
BRF:0
BRH:0
end_of_record
TN:
SF:src\middlewares\errorHandler.ts
FN:5,errorHandler
FNF:1
FNH:0
FNDA:0,errorHandler
DA:2,1
DA:3,1
DA:5,1
DA:6,0
DA:8,0
DA:9,0
DA:15,0
DA:16,0
DA:23,0
LF:9
LH:3
BRDA:8,0,0,0
BRDA:11,1,0,0
BRDA:11,1,1,0
BRDA:15,2,0,0
BRDA:18,3,0,0
BRDA:18,3,1,0
BRDA:25,4,0,0
BRDA:25,4,1,0
BRF:8
BRH:0
end_of_record
TN:
SF:src\routes\v1\routes.ts
FN:36,RegisterRoutes
FN:49,UsersController_getAllUser
FN:85,UsersController_getUser
FN:115,UsersController_updateUser
FN:146,UsersController_deleteUser
FN:176,UsersController_createUser
FNF:6
FNH:6
FNDA:1,RegisterRoutes
FNDA:1,UsersController_getAllUser
FNDA:1,UsersController_getUser
FNDA:1,UsersController_updateUser
FNDA:1,UsersController_deleteUser
FNDA:1,UsersController_createUser
DA:4,1
DA:6,1
DA:13,1
DA:29,1
DA:36,1
DA:45,1
DA:50,1
DA:62,1
DA:63,1
DA:64,1
DA:66,1
DA:68,1
DA:77,0
DA:81,1
DA:86,1
DA:92,1
DA:93,1
DA:94,1
DA:96,1
DA:98,1
DA:107,0
DA:111,1
DA:116,1
DA:123,1
DA:124,1
DA:125,1
DA:127,1
DA:129,1
DA:138,0
DA:142,1
DA:147,1
DA:153,1
DA:154,1
DA:155,1
DA:157,1
DA:159,1
DA:168,0
DA:172,1
DA:177,1
DA:183,1
DA:184,1
DA:185,1
DA:187,1
DA:189,1
DA:198,0
LF:45
LH:40
BRF:0
BRH:0
end_of_record
TN:
SF:src\services\userService.ts
FN:13,createUser
FN:19,getUserById
FN:30,updateUser
FN:41,deleteUser
FNF:4
FNH:4
FNDA:5,createUser
FNDA:4,getUserById
FNDA:2,updateUser
FNDA:4,deleteUser
DA:1,2
DA:2,2
DA:3,2
DA:13,2
DA:14,5
DA:15,5
DA:16,5
DA:19,2
DA:20,4
DA:21,2
DA:23,2
DA:24,2
DA:25,0
DA:27,2
DA:30,2
DA:31,2
DA:32,0
DA:34,2
DA:35,2
DA:36,0
DA:38,2
DA:41,2
DA:42,4
DA:43,0
DA:45,4
DA:46,4
DA:47,2
DA:49,2
LF:28
LH:24
BRDA:20,0,0,2
BRDA:24,1,0,0
BRDA:31,2,0,0
BRDA:35,3,0,0
BRDA:42,4,0,0
BRDA:46,5,0,2
BRF:6
BRH:2
end_of_record
TN:
SF:src\utils\hash.ts
FN:3,hashPassword
FNF:1
FNH:1
FNDA:6,hashPassword
DA:1,3
DA:3,3
DA:4,6
LF:3
LH:3
BRF:0
BRH:0
end_of_record
TN:
SF:src\utils\constands\statusCodes.ts
FNF:0
FNH:0
DA:3,1
DA:72,1
LF:2
LH:2
BRF:0
BRH:0
end_of_record
TN:
SF:src\utils\errors\customErrors.ts
FN:2,(anonymous_0)
FN:9,(anonymous_1)
FNF:2
FNH:2
FNDA:2,(anonymous_0)
FNDA:2,(anonymous_1)
DA:1,3
DA:3,2
DA:4,2
DA:8,3
DA:10,2
DA:11,2
LF:6
LH:6
BRF:0
BRH:0
end_of_record
